
*** Running vivado
    with args -log aes_enc.vds -m64 -product Vivado -mode batch -messageDb vivado.pb -notrace -source aes_enc.tcl


ECHO is off.
ECHO is off.

****** Vivado v2023.2 (64-bit)
  **** SW Build 4029153 on Fri Oct 13 20:14:34 MDT 2023
  **** IP Build 4028589 on Sat Oct 14 00:45:43 MDT 2023
  **** SharedData Build 4025554 on Tue Oct 10 17:18:54 MDT 2023
    ** Copyright 1986-2022 Xilinx, Inc. All Rights Reserved.
    ** Copyright 2022-2023 Advanced Micro Devices, Inc. All Rights Reserved.

source aes_enc.tcl -notrace
create_project: Time (s): cpu = 00:00:12 ; elapsed = 00:00:13 . Memory (MB): peak = 469.188 ; gain = 184.598
Command: read_checkpoint -auto_incremental -incremental {G:/vivado project/project_aes_dcs/project_aes_dcs.srcs/utils_1/imports/synth_1/aes_enc.dcp}
INFO: [Vivado 12-5825] Read reference checkpoint from G:/vivado project/project_aes_dcs/project_aes_dcs.srcs/utils_1/imports/synth_1/aes_enc.dcp for incremental synthesis
INFO: [Vivado 12-7989] Please ensure there are no constraint changes
Command: synth_design -top aes_enc -part xc7a100tcsg324-2
Starting synth_design
Attempting to get a license for feature 'Synthesis' and/or device 'xc7a100t'
INFO: [Common 17-349] Got license for feature 'Synthesis' and/or device 'xc7a100t'
INFO: [Device 21-403] Loading part xc7a100tcsg324-2
INFO: [Designutils 20-5440] No compile time benefit to using incremental synthesis; A full resynthesis will be run
INFO: [Designutils 20-4379] Flow is switching to default flow due to incremental criteria not met. If you would like to alter this behaviour and have the flow terminate instead, please set the following parameter config_implementation {autoIncr.Synth.RejectBehavior Terminate}
INFO: [Synth 8-7079] Multithreading enabled for synth_design using a maximum of 2 processes.
INFO: [Synth 8-7078] Launching helper process for spawning children vivado processes
INFO: [Synth 8-7075] Helper process launched with PID 2044
---------------------------------------------------------------------------------
Starting RTL Elaboration : Time (s): cpu = 00:00:12 ; elapsed = 00:00:14 . Memory (MB): peak = 1323.719 ; gain = 442.246
---------------------------------------------------------------------------------
INFO: [Synth 8-638] synthesizing module 'aes_enc' [G:/vivado project/AES-VHDL-master/AES-VHDL-master/AES-ENC/RTL/aes_enc.vhd:31]
INFO: [Synth 8-638] synthesizing module '\reg ' [G:/vivado project/AES-VHDL-master/AES-VHDL-master/AES-ENC/RTL/reg.vhd:29]
	Parameter size bound to: 128 - type: integer 
INFO: [Synth 8-256] done synthesizing module '\reg ' (0#1) [G:/vivado project/AES-VHDL-master/AES-VHDL-master/AES-ENC/RTL/reg.vhd:29]
INFO: [Synth 8-638] synthesizing module 'add_round_key' [G:/vivado project/AES-VHDL-master/AES-VHDL-master/AES-ENC/RTL/add_round_key.vhd:29]
INFO: [Synth 8-256] done synthesizing module 'add_round_key' (0#1) [G:/vivado project/AES-VHDL-master/AES-VHDL-master/AES-ENC/RTL/add_round_key.vhd:29]
INFO: [Synth 8-638] synthesizing module 'sub_byte' [G:/vivado project/AES-VHDL-master/AES-VHDL-master/AES-ENC/RTL/sub_byte.vhd:27]
INFO: [Synth 8-638] synthesizing module 'sbox' [G:/vivado project/AES-VHDL-master/AES-VHDL-master/AES-ENC/RTL/sbox.vhd:27]
INFO: [Synth 8-226] default block is never used [G:/vivado project/AES-VHDL-master/AES-VHDL-master/AES-ENC/RTL/sbox.vhd:32]
INFO: [Synth 8-256] done synthesizing module 'sbox' (0#1) [G:/vivado project/AES-VHDL-master/AES-VHDL-master/AES-ENC/RTL/sbox.vhd:27]
INFO: [Synth 8-256] done synthesizing module 'sub_byte' (0#1) [G:/vivado project/AES-VHDL-master/AES-VHDL-master/AES-ENC/RTL/sub_byte.vhd:27]
INFO: [Synth 8-638] synthesizing module 'shift_rows' [G:/vivado project/AES-VHDL-master/AES-VHDL-master/AES-ENC/RTL/shift_rwos.vhd:27]
INFO: [Synth 8-256] done synthesizing module 'shift_rows' (0#1) [G:/vivado project/AES-VHDL-master/AES-VHDL-master/AES-ENC/RTL/shift_rwos.vhd:27]
INFO: [Synth 8-638] synthesizing module 'mix_columns' [G:/vivado project/AES-VHDL-master/AES-VHDL-master/AES-ENC/RTL/mix_columns.vhd:27]
INFO: [Synth 8-638] synthesizing module 'column_calculator' [G:/vivado project/AES-VHDL-master/AES-VHDL-master/AES-ENC/RTL/column_calculator.vhd:27]
INFO: [Synth 8-638] synthesizing module 'gfmult_by2' [G:/vivado project/AES-VHDL-master/AES-VHDL-master/AES-ENC/RTL/gfmult_by2.vhd:27]
INFO: [Synth 8-256] done synthesizing module 'gfmult_by2' (0#1) [G:/vivado project/AES-VHDL-master/AES-VHDL-master/AES-ENC/RTL/gfmult_by2.vhd:27]
INFO: [Synth 8-256] done synthesizing module 'column_calculator' (0#1) [G:/vivado project/AES-VHDL-master/AES-VHDL-master/AES-ENC/RTL/column_calculator.vhd:27]
INFO: [Synth 8-256] done synthesizing module 'mix_columns' (0#1) [G:/vivado project/AES-VHDL-master/AES-VHDL-master/AES-ENC/RTL/mix_columns.vhd:27]
INFO: [Synth 8-638] synthesizing module 'controller' [G:/vivado project/AES-VHDL-master/AES-VHDL-master/AES-ENC/RTL/controller.vhd:30]
INFO: [Synth 8-638] synthesizing module 'reg__parameterized0' [G:/vivado project/AES-VHDL-master/AES-VHDL-master/AES-ENC/RTL/reg.vhd:29]
	Parameter size bound to: 8 - type: integer 
INFO: [Synth 8-256] done synthesizing module 'reg__parameterized0' (0#1) [G:/vivado project/AES-VHDL-master/AES-VHDL-master/AES-ENC/RTL/reg.vhd:29]
INFO: [Synth 8-256] done synthesizing module 'controller' (0#1) [G:/vivado project/AES-VHDL-master/AES-VHDL-master/AES-ENC/RTL/controller.vhd:30]
INFO: [Synth 8-638] synthesizing module 'key_schedule' [G:/vivado project/AES-VHDL-master/AES-VHDL-master/AES-ENC/RTL/key_schedule.vhd:30]
INFO: [Synth 8-638] synthesizing module 'key_sch_round_function' [G:/vivado project/AES-VHDL-master/AES-VHDL-master/AES-ENC/RTL/key_sch_round_function.vhd:28]
INFO: [Synth 8-256] done synthesizing module 'key_sch_round_function' (0#1) [G:/vivado project/AES-VHDL-master/AES-VHDL-master/AES-ENC/RTL/key_sch_round_function.vhd:28]
INFO: [Synth 8-256] done synthesizing module 'key_schedule' (0#1) [G:/vivado project/AES-VHDL-master/AES-VHDL-master/AES-ENC/RTL/key_schedule.vhd:30]
INFO: [Synth 8-256] done synthesizing module 'aes_enc' (0#1) [G:/vivado project/AES-VHDL-master/AES-VHDL-master/AES-ENC/RTL/aes_enc.vhd:31]
---------------------------------------------------------------------------------
Finished RTL Elaboration : Time (s): cpu = 00:00:16 ; elapsed = 00:00:18 . Memory (MB): peak = 1434.465 ; gain = 552.992
---------------------------------------------------------------------------------
---------------------------------------------------------------------------------
Start Handling Custom Attributes
---------------------------------------------------------------------------------
---------------------------------------------------------------------------------
Finished Handling Custom Attributes : Time (s): cpu = 00:00:16 ; elapsed = 00:00:18 . Memory (MB): peak = 1434.465 ; gain = 552.992
---------------------------------------------------------------------------------
---------------------------------------------------------------------------------
Finished RTL Optimization Phase 1 : Time (s): cpu = 00:00:16 ; elapsed = 00:00:18 . Memory (MB): peak = 1434.465 ; gain = 552.992
---------------------------------------------------------------------------------
Netlist sorting complete. Time (s): cpu = 00:00:00 ; elapsed = 00:00:00.077 . Memory (MB): peak = 1434.465 ; gain = 0.000
INFO: [Project 1-570] Preparing netlist for logic optimization

Processing XDC Constraints
Initializing timing engine
Parsing XDC File [G:/vivado project/project_aes_dcs/project_aes_dcs.srcs/constrs_1/new/project_aes_dcs.xdc]
Finished Parsing XDC File [G:/vivado project/project_aes_dcs/project_aes_dcs.srcs/constrs_1/new/project_aes_dcs.xdc]
INFO: [Project 1-236] Implementation specific constraints were found while reading constraint file [G:/vivado project/project_aes_dcs/project_aes_dcs.srcs/constrs_1/new/project_aes_dcs.xdc]. These constraints will be ignored for synthesis but will be used in implementation. Impacted constraints are listed in the file [.Xil/aes_enc_propImpl.xdc].
Resolution: To avoid this warning, move constraints listed in [.Xil/aes_enc_propImpl.xdc] to another XDC file and exclude this new file from synthesis with the used_in_synthesis property (File Properties dialog in GUI) and re-run elaboration/synthesis.
Completed Processing XDC Constraints

Netlist sorting complete. Time (s): cpu = 00:00:00 ; elapsed = 00:00:00.001 . Memory (MB): peak = 1476.055 ; gain = 0.000
INFO: [Project 1-111] Unisim Transformation Summary:
No Unisim elements were transformed.

Access is denied.
Constraint Validation Runtime : Time (s): cpu = 00:00:00 ; elapsed = 00:00:00.008 . Memory (MB): peak = 1476.055 ; gain = 0.000
INFO: [Designutils 20-5440] No compile time benefit to using incremental synthesis; A full resynthesis will be run
INFO: [Designutils 20-4379] Flow is switching to default flow due to incremental criteria not met. If you would like to alter this behaviour and have the flow terminate instead, please set the following parameter config_implementation {autoIncr.Synth.RejectBehavior Terminate}
---------------------------------------------------------------------------------
Finished Constraint Validation : Time (s): cpu = 00:00:32 ; elapsed = 00:00:35 . Memory (MB): peak = 1476.055 ; gain = 594.582
---------------------------------------------------------------------------------
---------------------------------------------------------------------------------
Start Loading Part and Timing Information
---------------------------------------------------------------------------------
Loading part: xc7a100tcsg324-2
---------------------------------------------------------------------------------
Finished Loading Part and Timing Information : Time (s): cpu = 00:00:32 ; elapsed = 00:00:35 . Memory (MB): peak = 1476.055 ; gain = 594.582
---------------------------------------------------------------------------------
---------------------------------------------------------------------------------
Start Applying 'set_property' XDC Constraints
---------------------------------------------------------------------------------
---------------------------------------------------------------------------------
Finished applying 'set_property' XDC Constraints : Time (s): cpu = 00:00:33 ; elapsed = 00:00:35 . Memory (MB): peak = 1476.055 ; gain = 594.582
---------------------------------------------------------------------------------
---------------------------------------------------------------------------------
Finished RTL Optimization Phase 2 : Time (s): cpu = 00:00:33 ; elapsed = 00:00:36 . Memory (MB): peak = 1476.055 ; gain = 594.582
---------------------------------------------------------------------------------
---------------------------------------------------------------------------------
Start RTL Component Statistics 
---------------------------------------------------------------------------------
Detailed RTL Component Info : 
+---XORs : 
	   2 Input    128 Bit         XORs := 1     
	   2 Input     32 Bit         XORs := 3     
	   2 Input     24 Bit         XORs := 1     
	   2 Input      8 Bit         XORs := 37    
	   3 Input      8 Bit         XORs := 17    
+---Registers : 
	              128 Bit    Registers := 2     
	                8 Bit    Registers := 1     
+---Muxes : 
	   2 Input  128 Bit        Muxes := 3     
	   2 Input    8 Bit        Muxes := 1     
	   2 Input    1 Bit        Muxes := 2     
---------------------------------------------------------------------------------
Finished RTL Component Statistics 
---------------------------------------------------------------------------------
---------------------------------------------------------------------------------
Start Part Resource Summary
---------------------------------------------------------------------------------
Part Resources:
DSPs: 240 (col length:80)
BRAMs: 270 (col length: RAMB18 80 RAMB36 40)
---------------------------------------------------------------------------------
Finished Part Resource Summary
---------------------------------------------------------------------------------
---------------------------------------------------------------------------------
Start Cross Boundary and Area Optimization
---------------------------------------------------------------------------------
WARNING: [Synth 8-7080] Parallel synthesis criteria is not met
---------------------------------------------------------------------------------
Finished Cross Boundary and Area Optimization : Time (s): cpu = 00:01:00 ; elapsed = 00:01:08 . Memory (MB): peak = 1476.055 ; gain = 594.582
---------------------------------------------------------------------------------
---------------------------------------------------------------------------------
Start ROM, RAM, DSP, Shift Register and Retiming Reporting
---------------------------------------------------------------------------------

ROM: Preliminary Mapping Report
+------------+-------------------------------------------------------+---------------+----------------+
|Module Name | RTL Object                                            | Depth x Width | Implemented As | 
+------------+-------------------------------------------------------+---------------+----------------+
|sbox        | output_byte                                           | 256x8         | LUT            | 
|aes_enc     | sub_byte_inst/gen[0].sbox_inst/output_byte            | 256x8         | LUT            | 
|aes_enc     | sub_byte_inst/gen[5].sbox_inst/output_byte            | 256x8         | LUT            | 
|aes_enc     | sub_byte_inst/gen[10].sbox_inst/output_byte           | 256x8         | LUT            | 
|aes_enc     | sub_byte_inst/gen[15].sbox_inst/output_byte           | 256x8         | LUT            | 
|aes_enc     | sub_byte_inst/gen[4].sbox_inst/output_byte            | 256x8         | LUT            | 
|aes_enc     | sub_byte_inst/gen[9].sbox_inst/output_byte            | 256x8         | LUT            | 
|aes_enc     | sub_byte_inst/gen[14].sbox_inst/output_byte           | 256x8         | LUT            | 
|aes_enc     | sub_byte_inst/gen[3].sbox_inst/output_byte            | 256x8         | LUT            | 
|aes_enc     | sub_byte_inst/gen[8].sbox_inst/output_byte            | 256x8         | LUT            | 
|aes_enc     | sub_byte_inst/gen[13].sbox_inst/output_byte           | 256x8         | LUT            | 
|aes_enc     | sub_byte_inst/gen[2].sbox_inst/output_byte            | 256x8         | LUT            | 
|aes_enc     | sub_byte_inst/gen[7].sbox_inst/output_byte            | 256x8         | LUT            | 
|aes_enc     | sub_byte_inst/gen[12].sbox_inst/output_byte           | 256x8         | LUT            | 
|aes_enc     | sub_byte_inst/gen[1].sbox_inst/output_byte            | 256x8         | LUT            | 
|aes_enc     | sub_byte_inst/gen[6].sbox_inst/output_byte            | 256x8         | LUT            | 
|aes_enc     | sub_byte_inst/gen[11].sbox_inst/output_byte           | 256x8         | LUT            | 
|aes_enc     | key_schedule_inst/reg_inst/current_stata_reg_rep_bsel | 256x8         | Block RAM      | 
|aes_enc     | key_schedule_inst/reg_inst/current_stata_reg_rep_bsel | 256x8         | Block RAM      | 
|aes_enc     | key_schedule_inst/reg_inst/current_stata_reg_rep_bsel | 256x8         | Block RAM      | 
|aes_enc     | key_schedule_inst/reg_inst/current_stata_reg_rep_bsel | 256x8         | Block RAM      | 
+------------+-------------------------------------------------------+---------------+----------------+

---------------------------------------------------------------------------------
Finished ROM, RAM, DSP, Shift Register and Retiming Reporting
---------------------------------------------------------------------------------
---------------------------------------------------------------------------------
Start Applying XDC Timing Constraints
---------------------------------------------------------------------------------
---------------------------------------------------------------------------------
Finished Applying XDC Timing Constraints : Time (s): cpu = 00:01:12 ; elapsed = 00:01:20 . Memory (MB): peak = 1476.055 ; gain = 594.582
---------------------------------------------------------------------------------
---------------------------------------------------------------------------------
Start Timing Optimization
---------------------------------------------------------------------------------
---------------------------------------------------------------------------------
Finished Timing Optimization : Time (s): cpu = 00:01:12 ; elapsed = 00:01:20 . Memory (MB): peak = 1476.055 ; gain = 594.582
---------------------------------------------------------------------------------
---------------------------------------------------------------------------------
Start Technology Mapping
---------------------------------------------------------------------------------
INFO: [Synth 8-7052] The timing for the instance key_schedule_inst/reg_inst/current_stata_reg_rep_bsel (implemented as a Block RAM) might be sub-optimal as no optional output register could be merged into the ram block. Providing additional output register may help in improving timing.
INFO: [Synth 8-7052] The timing for the instance key_schedule_inst/reg_inst/current_stata_reg_rep_bsel (implemented as a Block RAM) might be sub-optimal as no optional output register could be merged into the ram block. Providing additional output register may help in improving timing.
INFO: [Synth 8-7052] The timing for the instance key_schedule_inst/reg_inst/current_stata_reg_rep_bsel__0 (implemented as a Block RAM) might be sub-optimal as no optional output register could be merged into the ram block. Providing additional output register may help in improving timing.
INFO: [Synth 8-7052] The timing for the instance key_schedule_inst/reg_inst/current_stata_reg_rep_bsel__0 (implemented as a Block RAM) might be sub-optimal as no optional output register could be merged into the ram block. Providing additional output register may help in improving timing.
---------------------------------------------------------------------------------
Finished Technology Mapping : Time (s): cpu = 00:01:12 ; elapsed = 00:01:20 . Memory (MB): peak = 1476.055 ; gain = 594.582
---------------------------------------------------------------------------------
---------------------------------------------------------------------------------
Start IO Insertion
---------------------------------------------------------------------------------
---------------------------------------------------------------------------------
Start Flattening Before IO Insertion
---------------------------------------------------------------------------------
---------------------------------------------------------------------------------
Finished Flattening Before IO Insertion
---------------------------------------------------------------------------------
---------------------------------------------------------------------------------
Start Final Netlist Cleanup
---------------------------------------------------------------------------------
---------------------------------------------------------------------------------
Finished Final Netlist Cleanup
---------------------------------------------------------------------------------
---------------------------------------------------------------------------------
Finished IO Insertion : Time (s): cpu = 00:01:24 ; elapsed = 00:01:32 . Memory (MB): peak = 1476.055 ; gain = 594.582
---------------------------------------------------------------------------------
---------------------------------------------------------------------------------
Start Renaming Generated Instances
---------------------------------------------------------------------------------
---------------------------------------------------------------------------------
Finished Renaming Generated Instances : Time (s): cpu = 00:01:24 ; elapsed = 00:01:32 . Memory (MB): peak = 1476.055 ; gain = 594.582
---------------------------------------------------------------------------------
---------------------------------------------------------------------------------
Start Rebuilding User Hierarchy
---------------------------------------------------------------------------------
---------------------------------------------------------------------------------
Finished Rebuilding User Hierarchy : Time (s): cpu = 00:01:24 ; elapsed = 00:01:32 . Memory (MB): peak = 1476.055 ; gain = 594.582
---------------------------------------------------------------------------------
---------------------------------------------------------------------------------
Start Renaming Generated Ports
---------------------------------------------------------------------------------
---------------------------------------------------------------------------------
Finished Renaming Generated Ports : Time (s): cpu = 00:01:24 ; elapsed = 00:01:32 . Memory (MB): peak = 1476.055 ; gain = 594.582
---------------------------------------------------------------------------------
---------------------------------------------------------------------------------
Start Handling Custom Attributes
---------------------------------------------------------------------------------
---------------------------------------------------------------------------------
Finished Handling Custom Attributes : Time (s): cpu = 00:01:24 ; elapsed = 00:01:32 . Memory (MB): peak = 1476.055 ; gain = 594.582
---------------------------------------------------------------------------------
---------------------------------------------------------------------------------
Start Renaming Generated Nets
---------------------------------------------------------------------------------
---------------------------------------------------------------------------------
Finished Renaming Generated Nets : Time (s): cpu = 00:01:24 ; elapsed = 00:01:32 . Memory (MB): peak = 1476.055 ; gain = 594.582
---------------------------------------------------------------------------------
---------------------------------------------------------------------------------
Start Writing Synthesis Report
---------------------------------------------------------------------------------

Report BlackBoxes: 
+-+--------------+----------+
| |BlackBox name |Instances |
+-+--------------+----------+
+-+--------------+----------+

Report Cell Usage: 
+------+---------+------+
|      |Cell     |Count |
+------+---------+------+
|1     |BUFG     |     1|
|2     |LUT1     |     1|
|3     |LUT2     |   161|
|4     |LUT3     |    35|
|5     |LUT4     |   157|
|6     |LUT5     |   117|
|7     |LUT6     |   595|
|8     |MUXF7    |   256|
|9     |MUXF8    |   128|
|10    |RAMB18E1 |     2|
|11    |FDRE     |   211|
|12    |FDSE     |    53|
|13    |IBUF     |    18|
|14    |OBUF     |    16|
+------+---------+------+
---------------------------------------------------------------------------------
Finished Writing Synthesis Report : Time (s): cpu = 00:01:24 ; elapsed = 00:01:32 . Memory (MB): peak = 1476.055 ; gain = 594.582
---------------------------------------------------------------------------------
Synthesis finished with 0 errors, 0 critical warnings and 1 warnings.
Synthesis Optimization Runtime : Time (s): cpu = 00:01:04 ; elapsed = 00:01:29 . Memory (MB): peak = 1476.055 ; gain = 552.992
Synthesis Optimization Complete : Time (s): cpu = 00:01:24 ; elapsed = 00:01:32 . Memory (MB): peak = 1476.055 ; gain = 594.582
INFO: [Project 1-571] Translating synthesized netlist
Netlist sorting complete. Time (s): cpu = 00:00:00 ; elapsed = 00:00:00.066 . Memory (MB): peak = 1476.055 ; gain = 0.000
INFO: [Netlist 29-17] Analyzing 386 Unisim elements for replacement
INFO: [Netlist 29-28] Unisim Transformation completed in 0 CPU seconds
INFO: [Project 1-570] Preparing netlist for logic optimization
INFO: [Opt 31-138] Pushed 0 inverter(s) to 0 load pin(s).
Netlist sorting complete. Time (s): cpu = 00:00:00 ; elapsed = 00:00:00.001 . Memory (MB): peak = 1476.055 ; gain = 0.000
INFO: [Project 1-111] Unisim Transformation Summary:
No Unisim elements were transformed.

Access is denied.
Synth Design complete | Checksum: ef344ebc
INFO: [Common 17-83] Releasing license: Synthesis
52 Infos, 1 Warnings, 0 Critical Warnings and 0 Errors encountered.
synth_design completed successfully
synth_design: Time (s): cpu = 00:01:34 ; elapsed = 00:01:44 . Memory (MB): peak = 1476.055 ; gain = 1003.867
Write ShapeDB Complete: Time (s): cpu = 00:00:00 ; elapsed = 00:00:00.009 . Memory (MB): peak = 1476.055 ; gain = 0.000
INFO: [Common 17-1381] The checkpoint 'G:/vivado project/project_aes_dcs/project_aes_dcs.runs/synth_1/aes_enc.dcp' has been generated.
INFO: [runtcl-4] Executing : report_utilization -file aes_enc_utilization_synth.rpt -pb aes_enc_utilization_synth.pb
INFO: [Common 17-206] Exiting Vivado at Thu Apr 18 02:12:24 2024...
