Copyright 1986-2022 Xilinx, Inc. All Rights Reserved. Copyright 2022-2023 Advanced Micro Devices, Inc. All Rights Reserved.
-------------------------------------------------------------------------------------------------------------------------------------------------
| Tool Version     : Vivado v.2023.2 (win64) Build 4029153 Fri Oct 13 20:14:34 MDT 2023
| Date             : Wed Apr 17 16:22:24 2024
| Host             : DESKTOP-A4HIRKD running 64-bit major release  (build 9200)
| Command          : report_power -file aes_dec_power_routed.rpt -pb aes_dec_power_summary_routed.pb -rpx aes_dec_power_routed.rpx
| Design           : aes_dec
| Device           : xc7a100tcsg324-1
| Design State     : routed
| Grade            : commercial
| Process          : typical
| Characterization : Production
-------------------------------------------------------------------------------------------------------------------------------------------------

Power Report

Table of Contents
-----------------
1. Summary
1.1 On-Chip Components
1.2 Power Supply Summary
1.3 Confidence Level
2. Settings
2.1 Environment
2.2 Clock Constraints
3. Detailed Reports
3.1 By Hierarchy

1. Summary
----------

+--------------------------+-----------------------------------+
| Total On-Chip Power (W)  | 152.215 (Junction temp exceeded!) |
| Design Power Budget (W)  | Unspecified*                      |
| Power Budget Margin (W)  | NA                                |
| Dynamic (W)              | 151.419                           |
| Device Static (W)        | 0.797                             |
| Effective TJA (C/W)      | 4.6                               |
| Max Ambient (C)          | 0.0                               |
| Junction Temperature (C) | 125.0                             |
| Confidence Level         | Low                               |
| Setting File             | ---                               |
| Simulation Activity File | ---                               |
| Design Nets Matched      | NA                                |
+--------------------------+-----------------------------------+
* Specify Design Power Budget using, set_operating_conditions -design_power_budget <value in Watts>


1.1 On-Chip Components
----------------------

+----------------+-----------+----------+-----------+-----------------+
| On-Chip        | Power (W) | Used     | Available | Utilization (%) |
+----------------+-----------+----------+-----------+-----------------+
| Slice Logic    |    59.555 |     1772 |       --- |             --- |
|   LUT as Logic |    59.073 |     1335 |     63400 |            2.11 |
|   Register     |     0.292 |      260 |    126800 |            0.21 |
|   F7/F8 Muxes  |     0.184 |       64 |     63400 |            0.10 |
|   BUFG         |     0.006 |        1 |        32 |            3.13 |
|   Others       |     0.000 |        5 |       --- |             --- |
| Signals        |    45.159 |     1443 |       --- |             --- |
| I/O            |    46.704 |       34 |       210 |           16.19 |
| Static Power   |     0.797 |          |           |                 |
| Total          |   152.215 |          |           |                 |
+----------------+-----------+----------+-----------+-----------------+


1.2 Power Supply Summary
------------------------

+-----------+-------------+-----------+-------------+------------+-------------+-------------+------------+
| Source    | Voltage (V) | Total (A) | Dynamic (A) | Static (A) | Powerup (A) | Budget (A)  | Margin (A) |
+-----------+-------------+-----------+-------------+------------+-------------+-------------+------------+
| Vccint    |       1.000 |   105.345 |     104.783 |      0.563 |       NA    | Unspecified | NA         |
| Vccaux    |       1.800 |     1.802 |       1.709 |      0.093 |       NA    | Unspecified | NA         |
| Vcco33    |       3.300 |    13.204 |      13.200 |      0.004 |       NA    | Unspecified | NA         |
| Vcco25    |       2.500 |     0.000 |       0.000 |      0.000 |       NA    | Unspecified | NA         |
| Vcco18    |       1.800 |     0.000 |       0.000 |      0.000 |       NA    | Unspecified | NA         |
| Vcco15    |       1.500 |     0.000 |       0.000 |      0.000 |       NA    | Unspecified | NA         |
| Vcco135   |       1.350 |     0.000 |       0.000 |      0.000 |       NA    | Unspecified | NA         |
| Vcco12    |       1.200 |     0.000 |       0.000 |      0.000 |       NA    | Unspecified | NA         |
| Vccaux_io |       1.800 |     0.000 |       0.000 |      0.000 |       NA    | Unspecified | NA         |
| Vccbram   |       1.000 |     0.018 |       0.000 |      0.018 |       NA    | Unspecified | NA         |
| MGTAVcc   |       1.000 |     0.000 |       0.000 |      0.000 |       NA    | Unspecified | NA         |
| MGTAVtt   |       1.200 |     0.000 |       0.000 |      0.000 |       NA    | Unspecified | NA         |
| Vccadc    |       1.800 |     0.020 |       0.000 |      0.020 |       NA    | Unspecified | NA         |
+-----------+-------------+-----------+-------------+------------+-------------+-------------+------------+


1.3 Confidence Level
--------------------

+-----------------------------+------------+--------------------------------------------------------+--------------------------------------------------------------------------------------------------------------------+
| User Input Data             | Confidence | Details                                                | Action                                                                                                             |
+-----------------------------+------------+--------------------------------------------------------+--------------------------------------------------------------------------------------------------------------------+
| Design implementation state | High       | Design is routed                                       |                                                                                                                    |
| Clock nodes activity        | Low        | User specified less than 75% of clocks                 | Provide missing clock activity with a constraint file, simulation results or by editing the "By Clock Domain" view |
| I/O nodes activity          | Low        | More than 75% of inputs are missing user specification | Provide missing input activity with simulation results or by editing the "By Resource Type -> I/Os" view           |
| Internal nodes activity     | Medium     | User specified less than 25% of internal nodes         | Provide missing internal nodes activity with simulation results or by editing the "By Resource Type" views         |
| Device models               | High       | Device models are Production                           |                                                                                                                    |
|                             |            |                                                        |                                                                                                                    |
| Overall confidence level    | Low        |                                                        |                                                                                                                    |
+-----------------------------+------------+--------------------------------------------------------+--------------------------------------------------------------------------------------------------------------------+


2. Settings
-----------

2.1 Environment
---------------

+-----------------------+--------------------------+
| Ambient Temp (C)      | 25.0                     |
| ThetaJA (C/W)         | 4.6                      |
| Airflow (LFM)         | 250                      |
| Heat Sink             | medium (Medium Profile)  |
| ThetaSA (C/W)         | 4.6                      |
| Board Selection       | medium (10"x10")         |
| # of Board Layers     | 12to15 (12 to 15 Layers) |
| Board Temperature (C) | 25.0                     |
+-----------------------+--------------------------+


2.2 Clock Constraints
---------------------

+-------+--------+-----------------+
| Clock | Domain | Constraint (ns) |
+-------+--------+-----------------+


3. Detailed Reports
-------------------

3.1 By Hierarchy
----------------

+---------------------------------+-----------+
| Name                            | Power (W) |
+---------------------------------+-----------+
| aes_dec                         |   151.419 |
|   controller_inst               |     0.411 |
|   inv_sub_byte_inst             |     9.785 |
|     gen[0].sbox_inst            |     0.566 |
|     gen[10].sbox_inst           |     0.459 |
|     gen[11].sbox_inst           |     0.435 |
|     gen[12].sbox_inst           |     0.761 |
|     gen[13].sbox_inst           |     0.443 |
|     gen[14].sbox_inst           |     1.329 |
|     gen[15].sbox_inst           |     1.172 |
|     gen[1].sbox_inst            |     0.475 |
|     gen[2].sbox_inst            |     0.398 |
|     gen[3].sbox_inst            |     0.404 |
|     gen[4].sbox_inst            |     0.713 |
|     gen[5].sbox_inst            |     0.430 |
|     gen[6].sbox_inst            |     0.331 |
|     gen[7].sbox_inst            |     0.417 |
|     gen[8].sbox_inst            |     0.875 |
|     gen[9].sbox_inst            |     0.578 |
|   key_schedule_inst             |    93.185 |
|     key_sch_round_function_inst |     0.727 |
|       gen_sboxes[0].sbox_inst   |     0.177 |
|       gen_sboxes[1].sbox_inst   |     0.193 |
|       gen_sboxes[2].sbox_inst   |     0.173 |
|       gen_sboxes[3].sbox_inst   |     0.185 |
|     reg_inst                    |    92.458 |
|   reg_inst                      |     1.195 |
+---------------------------------+-----------+


